<?xml version="1.0" encoding="UTF-8"?>
<testsuite xmlns:xsi="http://www.w3.org/2001/XMLSchema-instance" xsi:noNamespaceSchemaLocation="https://maven.apache.org/surefire/maven-surefire-plugin/xsd/surefire-test-report-3.0.xsd" version="3.0" name="com.boostmytool.todo_appi.TodoAppiApplicationTests" time="11.051" tests="1" errors="0" skipped="0" failures="0">
  <properties>
[...]
</properties>
  <testcase name="contextLoads" classname="com.boostmytool.todo_appi.TodoAppiApplicationTests" time="0.76">
    <system-out><![CDATA[11:29:23.176 [main] INFO org.springframework.test.context.support.AnnotationConfigContextLoaderUtils -- Could not detect default configuration classes for test class [com.boostmytool.todo_appi.TodoAppiApplicationTests]: TodoAppiApplicationTests does not declare any static, non-private, non-final, nested classes annotated with @Configuration.
11:29:23.467 [main] INFO org.springframework.boot.test.context.SpringBootTestContextBootstrapper -- Found @SpringBootConfiguration com.boostmytool.todo_appi.TodoAppiApplication for test class com.boostmytool.todo_appi.TodoAppiApplicationTests
11:29:24.012 [main] INFO org.springframework.boot.devtools.restart.RestartApplicationListener -- Restart disabled due to context in which it is running

  .   ____          _            __ _ _
 /\\ / ___'_ __ _ _(_)_ __  __ _ \ \ \ \
( ( )\___ | '_ | '_| | '_ \/ _` | \ \ \ \
 \\/  ___)| |_)| | | | | || (_| |  ) ) ) )
  '  |____| .__|_| |_|_| |_\__, | / / / /
 =========|_|==============|___/=/_/_/_/
 :: Spring Boot ::                (v3.2.6)

2024-06-12T11:29:24.574-04:00  INFO 27868 --- [todo-appi] [           main] c.b.todo_appi.TodoAppiApplicationTests   : Starting TodoAppiApplicationTests using Java 17.0.10 with PID 27868 (started by solam in c:\Users\solam\OneDrive\Escritorio\todo-appi\todo-appi)
2024-06-12T11:29:24.574-04:00  INFO 27868 --- [todo-appi] [           main] c.b.todo_appi.TodoAppiApplicationTests   : No active profile set, falling back to 1 default profile: "default"
2024-06-12T11:29:25.971-04:00  INFO 27868 --- [todo-appi] [           main] .s.d.r.c.RepositoryConfigurationDelegate : Bootstrapping Spring Data JPA repositories in DEFAULT mode.
2024-06-12T11:29:26.075-04:00  INFO 27868 --- [todo-appi] [           main] .s.d.r.c.RepositoryConfigurationDelegate : Finished Spring Data repository scanning in 79 ms. Found 1 JPA repository interface.
2024-06-12T11:29:27.088-04:00  INFO 27868 --- [todo-appi] [           main] o.hibernate.jpa.internal.util.LogHelper  : HHH000204: Processing PersistenceUnitInfo [name: default]
2024-06-12T11:29:27.979-04:00  INFO 27868 --- [todo-appi] [           main] org.hibernate.Version                    : HHH000412: Hibernate ORM core version 6.4.8.Final
2024-06-12T11:29:28.059-04:00  INFO 27868 --- [todo-appi] [           main] o.h.c.internal.RegionFactoryInitiator    : HHH000026: Second-level cache disabled
2024-06-12T11:29:28.679-04:00  INFO 27868 --- [todo-appi] [           main] o.s.o.j.p.SpringPersistenceUnitInfo      : No LoadTimeWeaver setup: ignoring JPA class transformer
2024-06-12T11:29:28.742-04:00  INFO 27868 --- [todo-appi] [           main] com.zaxxer.hikari.HikariDataSource       : HikariPool-1 - Starting...
2024-06-12T11:29:29.154-04:00  INFO 27868 --- [todo-appi] [           main] com.zaxxer.hikari.pool.HikariPool        : HikariPool-1 - Added connection conn0: url=jdbc:h2:file:./data/todoapp user=ADMIN
2024-06-12T11:29:29.154-04:00  INFO 27868 --- [todo-appi] [           main] com.zaxxer.hikari.HikariDataSource       : HikariPool-1 - Start completed.
2024-06-12T11:29:29.201-04:00  WARN 27868 --- [todo-appi] [           main] org.hibernate.orm.deprecation            : HHH90000025: H2Dialect does not need to be specified explicitly using 'hibernate.dialect' (remove the property setting and it will be selected by default)
2024-06-12T11:29:30.645-04:00  INFO 27868 --- [todo-appi] [           main] o.h.e.t.j.p.i.JtaPlatformInitiator       : HHH000489: No JTA platform available (set 'hibernate.transaction.jta.platform' to enable JTA platform integration)
2024-06-12T11:29:30.684-04:00  INFO 27868 --- [todo-appi] [           main] j.LocalContainerEntityManagerFactoryBean : Initialized JPA EntityManagerFactory for persistence unit 'default'
2024-06-12T11:29:31.342-04:00  WARN 27868 --- [todo-appi] [           main] JpaBaseConfiguration$JpaWebConfiguration : spring.jpa.open-in-view is enabled by default. Therefore, database queries may be performed during view rendering. Explicitly configure spring.jpa.open-in-view to disable this warning
2024-06-12T11:29:31.389-04:00  INFO 27868 --- [todo-appi] [           main] o.s.b.a.w.s.WelcomePageHandlerMapping    : Adding welcome page template: index
2024-06-12T11:29:32.085-04:00  INFO 27868 --- [todo-appi] [           main] o.s.b.a.h2.H2ConsoleAutoConfiguration    : H2 console available at '/h2-console'. Database available at 'jdbc:h2:file:./data/todoapp'
2024-06-12T11:29:32.286-04:00  INFO 27868 --- [todo-appi] [           main] c.b.todo_appi.TodoAppiApplicationTests   : Started TodoAppiApplicationTests in 8.314 seconds (process running for 10.589)
2024-06-12T11:29:33.048-04:00  INFO 27868 --- [todo-appi] [           main] c.b.todo_appi.config.TodoItemDataLoader  : Number of TodoItems: 4
]]></system-out>
  </testcase>
</testsuite>